# JRE version: Java(TM) SE Runtime Environment (8.0_111-b14) (build 1.8.0_111-b14)
# Java VM: Java HotSpot(TM) 64-Bit Server VM (25.111-b14 mixed mode windows-amd64 compressed oops)
Heap:
 PSYoungGen      total 364032K, used 208556K [0x00000000e0000000, 0x0000000100000000, 0x0000000100000000)
  eden space 261120K, 40% used [0x00000000e0000000,0x00000000e675f8e8,0x00000000eff00000)
  from space 102912K, 99% used [0x00000000eff00000,0x00000000f634b9d8,0x00000000f6380000)
  to   space 140800K, 0% used [0x00000000f7680000,0x00000000f7680000,0x0000000100000000)
 ParOldGen       total 1048576K, used 174617K [0x00000000a0000000, 0x00000000e0000000, 0x00000000e0000000)
  object space 1048576K, 16% used [0x00000000a0000000,0x00000000aaa86430,0x00000000e0000000)
 Metaspace       used 120121K, capacity 130124K, committed 131200K, reserved 1163264K
  class space    used 15789K, capacity 17138K, committed 17280K, reserved 1048576K
GC Heap History (10 events):
Event: 7585.147 GC heap before
{Heap before GC invocations=308 (full 31):
 PSYoungGen      total 373760K, used 352587K [0x00000000e0000000, 0x00000000fee80000, 0x0000000100000000)
  eden space 270848K, 100% used [0x00000000e0000000,0x00000000f0880000,0x00000000f0880000)
  from space 102912K, 79% used [0x00000000f7600000,0x00000000fc5d2c50,0x00000000fda80000)
  to   space 112128K, 0% used [0x00000000f0880000,0x00000000f0880000,0x00000000f7600000)
 ParOldGen       total 1048576K, used 174609K [0x00000000a0000000, 0x00000000e0000000, 0x00000000e0000000)
  object space 1048576K, 16% used [0x00000000a0000000,0x00000000aaa84430,0x00000000e0000000)
 Metaspace       used 119911K, capacity 129790K, committed 130944K, reserved 1163264K
  class space    used 15764K, capacity 17113K, committed 17280K, reserved 1048576K
Event: 7585.243 GC heap after
Heap after GC invocations=308 (full 31):
 PSYoungGen      total 382976K, used 86070K [0x00000000e0000000, 0x0000000100000000, 0x0000000100000000)
  eden space 270848K, 0% used [0x00000000e0000000,0x00000000e0000000,0x00000000f0880000)
  from space 112128K, 76% used [0x00000000f0880000,0x00000000f5c8dbd0,0x00000000f7600000)
  to   space 120832K, 0% used [0x00000000f8a00000,0x00000000f8a00000,0x0000000100000000)
 ParOldGen       total 1048576K, used 174609K [0x00000000a0000000, 0x00000000e0000000, 0x00000000e0000000)
  object space 1048576K, 16% used [0x00000000a0000000,0x00000000aaa84430,0x00000000e0000000)
 Metaspace       used 119911K, capacity 129790K, committed 130944K, reserved 1163264K
  class space    used 15764K, capacity 17113K, committed 17280K, reserved 1048576K
}
Event: 7586.843 GC heap before
{Heap before GC invocations=309 (full 31):
 PSYoungGen      total 382976K, used 356918K [0x00000000e0000000, 0x0000000100000000, 0x0000000100000000)
  eden space 270848K, 100% used [0x00000000e0000000,0x00000000f0880000,0x00000000f0880000)
  from space 112128K, 76% used [0x00000000f0880000,0x00000000f5c8dbd0,0x00000000f7600000)
  to   space 120832K, 0% used [0x00000000f8a00000,0x00000000f8a00000,0x0000000100000000)
 ParOldGen       total 1048576K, used 174609K [0x00000000a0000000, 0x00000000e0000000, 0x00000000e0000000)
  object space 1048576K, 16% used [0x00000000a0000000,0x00000000aaa84430,0x00000000e0000000)
 Metaspace       used 119912K, capacity 129790K, committed 130944K, reserved 1163264K
  class space    used 15764K, capacity 17113K, committed 17280K, reserved 1048576K
Event: 7586.978 GC heap after
Heap after GC invocations=309 (full 31):
 PSYoungGen      total 387072K, used 89099K [0x00000000e0000000, 0x0000000100000000, 0x0000000100000000)
  eden space 266240K, 0% used [0x00000000e0000000,0x00000000e0000000,0x00000000f0400000)
  from space 120832K, 73% used [0x00000000f8a00000,0x00000000fe102f80,0x0000000100000000)
  to   space 129024K, 0% used [0x00000000f0400000,0x00000000f0400000,0x00000000f8200000)
 ParOldGen       total 1048576K, used 174609K [0x00000000a0000000, 0x00000000e0000000, 0x00000000e0000000)
  object space 1048576K, 16% used [0x00000000a0000000,0x00000000aaa84430,0x00000000e0000000)
 Metaspace       used 119912K, capacity 129790K, committed 130944K, reserved 1163264K
  class space    used 15764K, capacity 17113K, committed 17280K, reserved 1048576K
}
Event: 7758.021 GC heap before
{Heap before GC invocations=310 (full 31):
 PSYoungGen      total 387072K, used 355339K [0x00000000e0000000, 0x0000000100000000, 0x0000000100000000)
  eden space 266240K, 100% used [0x00000000e0000000,0x00000000f0400000,0x00000000f0400000)
  from space 120832K, 73% used [0x00000000f8a00000,0x00000000fe102f80,0x0000000100000000)
  to   space 129024K, 0% used [0x00000000f0400000,0x00000000f0400000,0x00000000f8200000)
 ParOldGen       total 1048576K, used 174609K [0x00000000a0000000, 0x00000000e0000000, 0x00000000e0000000)
  object space 1048576K, 16% used [0x00000000a0000000,0x00000000aaa84430,0x00000000e0000000)
 Metaspace       used 120100K, capacity 130124K, committed 131200K, reserved 1163264K
  class space    used 15788K, capacity 17138K, committed 17280K, reserved 1048576K
Event: 7758.105 GC heap after
Heap after GC invocations=310 (full 31):
 PSYoungGen      total 395264K, used 73846K [0x00000000e0000000, 0x0000000100000000, 0x0000000100000000)
  eden space 266240K, 0% used [0x00000000e0000000,0x00000000e0000000,0x00000000f0400000)
  from space 129024K, 57% used [0x00000000f0400000,0x00000000f4c1da58,0x00000000f8200000)
  to   space 129024K, 0% used [0x00000000f8200000,0x00000000f8200000,0x0000000100000000)
 ParOldGen       total 1048576K, used 174609K [0x00000000a0000000, 0x00000000e0000000, 0x00000000e0000000)
  object space 1048576K, 16% used [0x00000000a0000000,0x00000000aaa84430,0x00000000e0000000)
 Metaspace       used 120100K, capacity 130124K, committed 131200K, reserved 1163264K
  class space    used 15788K, capacity 17138K, committed 17280K, reserved 1048576K
}
Event: 7772.623 GC heap before
{Heap before GC invocations=311 (full 31):
 PSYoungGen      total 395264K, used 340086K [0x00000000e0000000, 0x0000000100000000, 0x0000000100000000)
  eden space 266240K, 100% used [0x00000000e0000000,0x00000000f0400000,0x00000000f0400000)
  from space 129024K, 57% used [0x00000000f0400000,0x00000000f4c1da58,0x00000000f8200000)
  to   space 129024K, 0% used [0x00000000f8200000,0x00000000f8200000,0x0000000100000000)
 ParOldGen       total 1048576K, used 174609K [0x00000000a0000000, 0x00000000e0000000, 0x00000000e0000000)
  object space 1048576K, 16% used [0x00000000a0000000,0x00000000aaa84430,0x00000000e0000000)
 Metaspace       used 120107K, capacity 130124K, committed 131200K, reserved 1163264K
  class space    used 15788K, capacity 17138K, committed 17280K, reserved 1048576K
Event: 7772.715 GC heap after
Heap after GC invocations=311 (full 31):
 PSYoungGen      total 390144K, used 80671K [0x00000000e0000000, 0x0000000100000000, 0x0000000100000000)
  eden space 261120K, 0% used [0x00000000e0000000,0x00000000e0000000,0x00000000eff00000)
  from space 129024K, 62% used [0x00000000f8200000,0x00000000fd0c7f68,0x0000000100000000)
  to   space 131584K, 0% used [0x00000000eff00000,0x00000000eff00000,0x00000000f7f80000)
 ParOldGen       total 1048576K, used 174617K [0x00000000a0000000, 0x00000000e0000000, 0x00000000e0000000)
  object space 1048576K, 16% used [0x00000000a0000000,0x00000000aaa86430,0x00000000e0000000)
 Metaspace       used 120107K, capacity 130124K, committed 131200K, reserved 1163264K
  class space    used 15788K, capacity 17138K, committed 17280K, reserved 1048576K
}
Event: 7785.061 GC heap before
{Heap before GC invocations=312 (full 31):
 PSYoungGen      total 390144K, used 341791K [0x00000000e0000000, 0x0000000100000000, 0x0000000100000000)
  eden space 261120K, 100% used [0x00000000e0000000,0x00000000eff00000,0x00000000eff00000)
  from space 129024K, 62% used [0x00000000f8200000,0x00000000fd0c7f68,0x0000000100000000)
  to   space 131584K, 0% used [0x00000000eff00000,0x00000000eff00000,0x00000000f7f80000)
 ParOldGen       total 1048576K, used 174617K [0x00000000a0000000, 0x00000000e0000000, 0x00000000e0000000)
  object space 1048576K, 16% used [0x00000000a0000000,0x00000000aaa86430,0x00000000e0000000)
 Metaspace       used 120108K, capacity 130124K, committed 131200K, reserved 1163264K
  class space    used 15789K, capacity 17138K, committed 17280K, reserved 1048576K
Event: 7785.233 GC heap after
Heap after GC invocations=312 (full 31):
 PSYoungGen      total 364032K, used 102702K [0x00000000e0000000, 0x0000000100000000, 0x0000000100000000)
  eden space 261120K, 0% used [0x00000000e0000000,0x00000000e0000000,0x00000000eff00000)
  from space 102912K, 99% used [0x00000000eff00000,0x00000000f634b9d8,0x00000000f6380000)
  to   space 140800K, 0% used [0x00000000f7680000,0x00000000f7680000,0x0000000100000000)
 ParOldGen       total 1048576K, used 174617K [0x00000000a0000000, 0x00000000e0000000, 0x00000000e0000000)
  object space 1048576K, 16% used [0x00000000a0000000,0x00000000aaa86430,0x00000000e0000000)
 Metaspace       used 120108K, capacity 130124K, committed 131200K, reserved 1163264K
  class space    used 15789K, capacity 17138K, committed 17280K, reserved 1048576K
}

